0 info it worked if it ends with ok
1 verbose cli [ 'c:\\Program Files\\nodejs\\node.exe',
1 verbose cli   'c:\\Program Files\\nodejs\\node_modules\\npm\\bin\\npm-cli.js',
1 verbose cli   'install',
1 verbose cli   'server-static' ]
2 info using npm@1.4.28
3 info using node@v0.10.32
4 verbose cache add [ 'server-static', null ]
5 verbose cache add name=undefined spec="server-static" args=["server-static",null]
6 verbose parsed url { protocol: null,
6 verbose parsed url   slashes: null,
6 verbose parsed url   auth: null,
6 verbose parsed url   host: null,
6 verbose parsed url   port: null,
6 verbose parsed url   hostname: null,
6 verbose parsed url   hash: null,
6 verbose parsed url   search: null,
6 verbose parsed url   query: null,
6 verbose parsed url   pathname: 'server-static',
6 verbose parsed url   path: 'server-static',
6 verbose parsed url   href: 'server-static' }
7 silly lockFile ee78d15c-server-static server-static
8 verbose lock server-static C:\Users\smogy\AppData\Roaming\npm-cache\ee78d15c-server-static.lock
9 silly lockFile ee78d15c-server-static server-static
10 silly lockFile ee78d15c-server-static server-static
11 verbose addNamed [ 'server-static', '' ]
12 verbose addNamed [ null, '*' ]
13 silly lockFile 5d3fafed-server-static server-static@
14 verbose lock server-static@ C:\Users\smogy\AppData\Roaming\npm-cache\5d3fafed-server-static.lock
15 silly addNameRange { name: 'server-static', range: '*', hasData: false }
16 verbose request where is /server-static
17 verbose request registry https://registry.npmjs.org/
18 verbose request id c94250e0ef03dc97
19 verbose url raw /server-static
20 verbose url resolving [ 'https://registry.npmjs.org/', './server-static' ]
21 verbose url resolved https://registry.npmjs.org/server-static
22 verbose request where is https://registry.npmjs.org/server-static
23 info trying registry request attempt 1 at 13:15:53
24 http GET https://registry.npmjs.org/server-static
25 http 404 https://registry.npmjs.org/server-static
26 verbose headers { date: 'Fri, 19 Sep 2014 10:15:38 GMT',
26 verbose headers   server: 'CouchDB/1.5.0 (Erlang OTP/R16B03)',
26 verbose headers   'content-type': 'application/json',
26 verbose headers   'cache-control': 'max-age=0',
26 verbose headers   'content-length': '52',
26 verbose headers   'accept-ranges': 'bytes',
26 verbose headers   via: '1.1 varnish',
26 verbose headers   age: '0',
26 verbose headers   'x-served-by': 'cache-fra1232-FRA',
26 verbose headers   'x-cache': 'MISS',
26 verbose headers   'x-cache-hits': '0',
26 verbose headers   'x-timer': 'S1411121738.150328,VS0,VE436',
26 verbose headers   'keep-alive': 'timeout=10, max=50',
26 verbose headers   connection: 'Keep-Alive' }
27 silly registry.get cb [ 404,
27 silly registry.get   { date: 'Fri, 19 Sep 2014 10:15:38 GMT',
27 silly registry.get     server: 'CouchDB/1.5.0 (Erlang OTP/R16B03)',
27 silly registry.get     'content-type': 'application/json',
27 silly registry.get     'cache-control': 'max-age=0',
27 silly registry.get     'content-length': '52',
27 silly registry.get     'accept-ranges': 'bytes',
27 silly registry.get     via: '1.1 varnish',
27 silly registry.get     age: '0',
27 silly registry.get     'x-served-by': 'cache-fra1232-FRA',
27 silly registry.get     'x-cache': 'MISS',
27 silly registry.get     'x-cache-hits': '0',
27 silly registry.get     'x-timer': 'S1411121738.150328,VS0,VE436',
27 silly registry.get     'keep-alive': 'timeout=10, max=50',
27 silly registry.get     connection: 'Keep-Alive' } ]
28 silly lockFile 5d3fafed-server-static server-static@
29 silly lockFile 5d3fafed-server-static server-static@
30 error 404 404 Not Found: server-static
30 error 404
30 error 404 'server-static' is not in the npm registry.
30 error 404 You should bug the author to publish it
30 error 404
30 error 404 Note that you can also install from a
30 error 404 tarball, folder, or http url, or git url.
31 error System Windows_NT 6.2.9200
32 error command "c:\\Program Files\\nodejs\\node.exe" "c:\\Program Files\\nodejs\\node_modules\\npm\\bin\\npm-cli.js" "install" "server-static"
33 error cwd d:\project\game
34 error node -v v0.10.32
35 error npm -v 1.4.28
36 error code E404
37 verbose exit [ 1, true ]
